<?xml version="1.0" encoding="UTF-8"?>
<!-- Generated by org.testng.reporters.JUnitReportReporter -->
<testsuite hostname="VidyaMariam" failures="0" tests="2" name="stage3.DeleteRecord" time="31.442" errors="0" timestamp="7 Feb 2023 05:13:49 GMT">
  <testcase classname="stage3.DeleteRecord" name="deleteRecord" time="18.155"/>
  <testcase classname="stage3.DeleteRecord" name="LaunchApp" time="13.287"/>
</testsuite> <!-- stage3.DeleteRecord -->
