<?xml version="1.0" encoding="UTF-8"?>
<!-- Generated by org.testng.reporters.JUnitReportReporter -->
<testsuite hostname="VidyaMariam" failures="0" tests="2" name="stage1.homepage_links" time="32.803" errors="0" timestamp="7 Feb 2023 09:26:13 GMT">
  <testcase classname="stage1.homepage_links" name="LaunchApp" time="10.626"/>
  <testcase classname="stage1.homepage_links" name="HomepageLinks" time="22.177"/>
</testsuite> <!-- stage1.homepage_links -->
