<?xml version="1.0" encoding="UTF-8"?>
<!-- Generated by org.testng.reporters.JUnitReportReporter -->
<testsuite hostname="VidyaMariam" failures="0" tests="1" name="stage3.Baseclass_admin" time="12.535" errors="0" timestamp="10 Feb 2023 03:22:09 GMT">
  <testcase classname="stage3.Baseclass_admin" name="LaunchApp" time="12.535"/>
</testsuite> <!-- stage3.Baseclass_admin -->
