<?xml version="1.0" encoding="UTF-8"?>
<!-- Generated by org.testng.reporters.JUnitReportReporter -->
<testsuite hostname="VidyaMariam" failures="0" tests="3" name="stage4.Bookingstatus" time="35.214" errors="0" timestamp="7 Feb 2023 06:30:58 GMT">
  <testcase classname="stage4.Bookingstatus" name="SupplierLogin" time="12.985"/>
  <testcase classname="stage4.Bookingstatus" name="Homepage_modules" time="17.779"/>
  <testcase classname="stage4.Bookingstatus" name="change_bookingstatus" time="4.450"/>
</testsuite> <!-- stage4.Bookingstatus -->
