<?xml version="1.0" encoding="UTF-8"?>
<!-- Generated by org.testng.reporters.JUnitReportReporter -->
<testsuite hostname="VidyaMariam" failures="0" tests="1" name="stage2.Baseclass_agent" time="31.429" errors="0" timestamp="11 Feb 2023 03:40:56 GMT">
  <testcase classname="stage2.Baseclass_agent" name="LaunchApp" time="31.429"/>
</testsuite> <!-- stage2.Baseclass_agent -->
