<?xml version="1.0" encoding="UTF-8"?>
<!-- Generated by org.testng.reporters.JUnitReportReporter -->
<testsuite hostname="VidyaMariam" failures="0" tests="1" name="stage1.Baseclass_user" time="20.380" errors="0" timestamp="11 Feb 2023 03:32:07 GMT">
  <testcase classname="stage1.Baseclass_user" name="LaunchApp" time="20.380"/>
</testsuite> <!-- stage1.Baseclass_user -->
