<?xml version="1.0" encoding="UTF-8"?>
<!-- Generated by org.testng.reporters.JUnitReportReporter -->
<testsuite hostname="VidyaMariam" failures="0" tests="4" name="stage4.CheckDashboardview" time="21.977" errors="0" timestamp="7 Feb 2023 06:36:34 GMT">
  <testcase classname="stage4.CheckDashboardview" name="Check_revenuebreakdown" time="3.074"/>
  <testcase classname="stage4.CheckDashboardview" name="Check_Text" time="3.087"/>
  <testcase classname="stage4.CheckDashboardview" name="SupplierLogin" time="12.746"/>
  <testcase classname="stage4.CheckDashboardview" name="Check_dashboard" time="3.070"/>
</testsuite> <!-- stage4.CheckDashboardview -->
