<?xml version="1.0" encoding="UTF-8"?>
<!-- Generated by org.testng.reporters.JUnitReportReporter -->
<testsuite hostname="VidyaMariam" failures="0" tests="5" name="stage4.Baseclass_supplier" time="69.429" errors="0" timestamp="7 Feb 2023 06:21:44 GMT">
  <testcase classname="stage4.Baseclass_supplier" name="SupplierLogin" time="13.605"/>
  <testcase classname="stage4.Baseclass_supplier" name="SupplierLogin" time="15.503"/>
  <testcase classname="stage4.Baseclass_supplier" name="SupplierLogin" time="13.447"/>
  <testcase classname="stage4.Baseclass_supplier" name="SupplierLogin" time="13.638"/>
  <testcase classname="stage4.Baseclass_supplier" name="SupplierLogin" time="13.236"/>
</testsuite> <!-- stage4.Baseclass_supplier -->
